<?xml version="1.0" encoding="UTF-8" ?>
<testsuite tests="228" failures="0" name="org.datacite.schema.test.ValidationTest" time="15.719" errors="0" skipped="0">
  <properties>
    <property name="java.runtime.name" value="Java(TM) SE Runtime Environment"/>
    <property name="sun.boot.library.path" value="/Library/Java/JavaVirtualMachines/jdk1.8.0_66.jdk/Contents/Home/jre/lib"/>
    <property name="java.vm.version" value="25.66-b17"/>
    <property name="gopherProxySet" value="false"/>
    <property name="java.vm.vendor" value="Oracle Corporation"/>
    <property name="maven.multiModuleProjectDirectory" value="/Users/mfenner/Documents/git/schema"/>
    <property name="java.vendor.url" value="http://java.oracle.com/"/>
    <property name="path.separator" value=":"/>
    <property name="guice.disable.misplaced.annotation.check" value="true"/>
    <property name="java.vm.name" value="Java HotSpot(TM) 64-Bit Server VM"/>
    <property name="file.encoding.pkg" value="sun.io"/>
    <property name="user.country" value="DE"/>
    <property name="sun.java.launcher" value="SUN_STANDARD"/>
    <property name="sun.os.patch.level" value="unknown"/>
    <property name="test" value="ValidationTest,BasicTest"/>
    <property name="java.vm.specification.name" value="Java Virtual Machine Specification"/>
    <property name="user.dir" value="/Users/mfenner/Documents/git/schema"/>
    <property name="java.runtime.version" value="1.8.0_66-b17"/>
    <property name="java.awt.graphicsenv" value="sun.awt.CGraphicsEnvironment"/>
    <property name="java.endorsed.dirs" value="/Library/Java/JavaVirtualMachines/jdk1.8.0_66.jdk/Contents/Home/jre/lib/endorsed"/>
    <property name="os.arch" value="x86_64"/>
    <property name="java.io.tmpdir" value="/var/folders/tq/4wfj_vnd3l76v_3xtl18t41r0000gr/T/"/>
    <property name="line.separator" value="
"/>
    <property name="java.vm.specification.vendor" value="Oracle Corporation"/>
    <property name="os.name" value="Mac OS X"/>
    <property name="classworlds.conf" value="/usr/local/Cellar/maven/3.3.9/libexec/bin/m2.conf"/>
    <property name="sun.jnu.encoding" value="UTF-8"/>
    <property name="java.library.path" value="/Users/mfenner/Library/Java/Extensions:/Library/Java/Extensions:/Network/Library/Java/Extensions:/System/Library/Java/Extensions:/usr/lib/java:."/>
    <property name="java.specification.name" value="Java Platform API Specification"/>
    <property name="java.class.version" value="52.0"/>
    <property name="sun.management.compiler" value="HotSpot 64-Bit Tiered Compilers"/>
    <property name="os.version" value="10.11.3"/>
    <property name="http.nonProxyHosts" value="local|*.local|169.254/16|*.169.254/16"/>
    <property name="user.home" value="/Users/mfenner"/>
    <property name="user.timezone" value="Europe/Athens"/>
    <property name="java.awt.printerjob" value="sun.lwawt.macosx.CPrinterJob"/>
    <property name="java.specification.version" value="1.8"/>
    <property name="file.encoding" value="UTF-8"/>
    <property name="user.name" value="mfenner"/>
    <property name="java.class.path" value="/usr/local/Cellar/maven/3.3.9/libexec/boot/plexus-classworlds-2.5.2.jar"/>
    <property name="java.vm.specification.version" value="1.8"/>
    <property name="sun.arch.data.model" value="64"/>
    <property name="java.home" value="/Library/Java/JavaVirtualMachines/jdk1.8.0_66.jdk/Contents/Home/jre"/>
    <property name="sun.java.command" value="org.codehaus.plexus.classworlds.launcher.Launcher -Dtest=ValidationTest,BasicTest test -B"/>
    <property name="java.specification.vendor" value="Oracle Corporation"/>
    <property name="user.language" value="de"/>
    <property name="awt.toolkit" value="sun.lwawt.macosx.LWCToolkit"/>
    <property name="java.vm.info" value="mixed mode"/>
    <property name="java.version" value="1.8.0_66"/>
    <property name="java.ext.dirs" value="/Users/mfenner/Library/Java/Extensions:/Library/Java/JavaVirtualMachines/jdk1.8.0_66.jdk/Contents/Home/jre/lib/ext:/Library/Java/Extensions:/Network/Library/Java/Extensions:/System/Library/Java/Extensions:/usr/lib/java"/>
    <property name="sun.boot.class.path" value="/Library/Java/JavaVirtualMachines/jdk1.8.0_66.jdk/Contents/Home/jre/lib/resources.jar:/Library/Java/JavaVirtualMachines/jdk1.8.0_66.jdk/Contents/Home/jre/lib/rt.jar:/Library/Java/JavaVirtualMachines/jdk1.8.0_66.jdk/Contents/Home/jre/lib/sunrsasign.jar:/Library/Java/JavaVirtualMachines/jdk1.8.0_66.jdk/Contents/Home/jre/lib/jsse.jar:/Library/Java/JavaVirtualMachines/jdk1.8.0_66.jdk/Contents/Home/jre/lib/jce.jar:/Library/Java/JavaVirtualMachines/jdk1.8.0_66.jdk/Contents/Home/jre/lib/charsets.jar:/Library/Java/JavaVirtualMachines/jdk1.8.0_66.jdk/Contents/Home/jre/lib/jfr.jar:/Library/Java/JavaVirtualMachines/jdk1.8.0_66.jdk/Contents/Home/jre/classes"/>
    <property name="java.vendor" value="Oracle Corporation"/>
    <property name="maven.home" value="/usr/local/Cellar/maven/3.3.9/libexec"/>
    <property name="file.separator" value="/"/>
    <property name="java.vendor.url.bug" value="http://bugreport.sun.com/bugreport/"/>
    <property name="sun.cpu.endian" value="little"/>
    <property name="sun.io.unicode.encoding" value="UnicodeBig"/>
    <property name="socksNonProxyHosts" value="local|*.local|169.254/16|*.169.254/16"/>
    <property name="ftp.nonProxyHosts" value="local|*.local|169.254/16|*.169.254/16"/>
    <property name="sun.cpu.isalist" value=""/>
  </properties>
  <testcase classname="org.datacite.schema.test.ValidationTest" name="testExampleSchemaLocation[build/meta/kernel-2.1/example/datacite-metadata-sample-v2.1.xml]" time="0.007"/>
  <testcase classname="org.datacite.schema.test.ValidationTest" name="testExampleValidToMajorSchema[build/meta/kernel-2.1/example/datacite-metadata-sample-v2.1.xml]" time="0.038"/>
  <testcase classname="org.datacite.schema.test.ValidationTest" name="testExampleValid[build/meta/kernel-2.1/example/datacite-metadata-sample-v2.1.xml]" time="0.028"/>
  <testcase classname="org.datacite.schema.test.ValidationTest" name="testExampleNamespace[build/meta/kernel-2.1/example/datacite-metadata-sample-v2.1.xml]" time="0"/>
  <testcase classname="org.datacite.schema.test.ValidationTest" name="testExampleSchemaLocation[build/meta/kernel-2.2/example/datacite-metadata-sample-3Dmodel-v2.2.xml]" time="0.006"/>
  <testcase classname="org.datacite.schema.test.ValidationTest" name="testExampleValidToMajorSchema[build/meta/kernel-2.2/example/datacite-metadata-sample-3Dmodel-v2.2.xml]" time="0.017"/>
  <testcase classname="org.datacite.schema.test.ValidationTest" name="testExampleValid[build/meta/kernel-2.2/example/datacite-metadata-sample-3Dmodel-v2.2.xml]" time="0.014"/>
  <testcase classname="org.datacite.schema.test.ValidationTest" name="testExampleNamespace[build/meta/kernel-2.2/example/datacite-metadata-sample-3Dmodel-v2.2.xml]" time="0.001"/>
  <testcase classname="org.datacite.schema.test.ValidationTest" name="testExampleSchemaLocation[build/meta/kernel-2.2/example/datacite-metadata-sample-article-v2.2.xml]" time="0.002"/>
  <testcase classname="org.datacite.schema.test.ValidationTest" name="testExampleValidToMajorSchema[build/meta/kernel-2.2/example/datacite-metadata-sample-article-v2.2.xml]" time="0.013"/>
  <testcase classname="org.datacite.schema.test.ValidationTest" name="testExampleValid[build/meta/kernel-2.2/example/datacite-metadata-sample-article-v2.2.xml]" time="0.012"/>
  <testcase classname="org.datacite.schema.test.ValidationTest" name="testExampleNamespace[build/meta/kernel-2.2/example/datacite-metadata-sample-article-v2.2.xml]" time="0.001"/>
  <testcase classname="org.datacite.schema.test.ValidationTest" name="testExampleSchemaLocation[build/meta/kernel-2.2/example/datacite-metadata-sample-complicated-v2.2.xml]" time="0.001"/>
  <testcase classname="org.datacite.schema.test.ValidationTest" name="testExampleValidToMajorSchema[build/meta/kernel-2.2/example/datacite-metadata-sample-complicated-v2.2.xml]" time="0.011"/>
  <testcase classname="org.datacite.schema.test.ValidationTest" name="testExampleValid[build/meta/kernel-2.2/example/datacite-metadata-sample-complicated-v2.2.xml]" time="0.02"/>
  <testcase classname="org.datacite.schema.test.ValidationTest" name="testExampleNamespace[build/meta/kernel-2.2/example/datacite-metadata-sample-complicated-v2.2.xml]" time="0.001"/>
  <testcase classname="org.datacite.schema.test.ValidationTest" name="testExampleSchemaLocation[build/meta/kernel-2.2/example/datacite-metadata-sample-conference-related1-v2.2.xml]" time="0.003"/>
  <testcase classname="org.datacite.schema.test.ValidationTest" name="testExampleValidToMajorSchema[build/meta/kernel-2.2/example/datacite-metadata-sample-conference-related1-v2.2.xml]" time="0.018"/>
  <testcase classname="org.datacite.schema.test.ValidationTest" name="testExampleValid[build/meta/kernel-2.2/example/datacite-metadata-sample-conference-related1-v2.2.xml]" time="0.013"/>
  <testcase classname="org.datacite.schema.test.ValidationTest" name="testExampleNamespace[build/meta/kernel-2.2/example/datacite-metadata-sample-conference-related1-v2.2.xml]" time="0.002"/>
  <testcase classname="org.datacite.schema.test.ValidationTest" name="testExampleSchemaLocation[build/meta/kernel-2.2/example/datacite-metadata-sample-conference-related2-v2.2.xml]" time="0.001"/>
  <testcase classname="org.datacite.schema.test.ValidationTest" name="testExampleValidToMajorSchema[build/meta/kernel-2.2/example/datacite-metadata-sample-conference-related2-v2.2.xml]" time="0.009"/>
  <testcase classname="org.datacite.schema.test.ValidationTest" name="testExampleValid[build/meta/kernel-2.2/example/datacite-metadata-sample-conference-related2-v2.2.xml]" time="0.01"/>
  <testcase classname="org.datacite.schema.test.ValidationTest" name="testExampleNamespace[build/meta/kernel-2.2/example/datacite-metadata-sample-conference-related2-v2.2.xml]" time="0.001"/>
  <testcase classname="org.datacite.schema.test.ValidationTest" name="testExampleSchemaLocation[build/meta/kernel-2.2/example/datacite-metadata-sample-minimal-v2.2.xml]" time="0.001"/>
  <testcase classname="org.datacite.schema.test.ValidationTest" name="testExampleValidToMajorSchema[build/meta/kernel-2.2/example/datacite-metadata-sample-minimal-v2.2.xml]" time="0.018"/>
  <testcase classname="org.datacite.schema.test.ValidationTest" name="testExampleValid[build/meta/kernel-2.2/example/datacite-metadata-sample-minimal-v2.2.xml]" time="0.01"/>
  <testcase classname="org.datacite.schema.test.ValidationTest" name="testExampleNamespace[build/meta/kernel-2.2/example/datacite-metadata-sample-minimal-v2.2.xml]" time="0.002"/>
  <testcase classname="org.datacite.schema.test.ValidationTest" name="testExampleSchemaLocation[build/meta/kernel-2.2/example/datacite-metadata-sample-set1-dataset-v2.2.xml]" time="0.003"/>
  <testcase classname="org.datacite.schema.test.ValidationTest" name="testExampleValidToMajorSchema[build/meta/kernel-2.2/example/datacite-metadata-sample-set1-dataset-v2.2.xml]" time="0.009"/>
  <testcase classname="org.datacite.schema.test.ValidationTest" name="testExampleValid[build/meta/kernel-2.2/example/datacite-metadata-sample-set1-dataset-v2.2.xml]" time="0.011"/>
  <testcase classname="org.datacite.schema.test.ValidationTest" name="testExampleNamespace[build/meta/kernel-2.2/example/datacite-metadata-sample-set1-dataset-v2.2.xml]" time="0.001"/>
  <testcase classname="org.datacite.schema.test.ValidationTest" name="testExampleSchemaLocation[build/meta/kernel-2.2/example/datacite-metadata-sample-set2-article-v2.2.xml]" time="0.001"/>
  <testcase classname="org.datacite.schema.test.ValidationTest" name="testExampleValidToMajorSchema[build/meta/kernel-2.2/example/datacite-metadata-sample-set2-article-v2.2.xml]" time="0.009"/>
  <testcase classname="org.datacite.schema.test.ValidationTest" name="testExampleValid[build/meta/kernel-2.2/example/datacite-metadata-sample-set2-article-v2.2.xml]" time="0.011"/>
  <testcase classname="org.datacite.schema.test.ValidationTest" name="testExampleNamespace[build/meta/kernel-2.2/example/datacite-metadata-sample-set2-article-v2.2.xml]" time="0.002"/>
  <testcase classname="org.datacite.schema.test.ValidationTest" name="testExampleSchemaLocation[build/meta/kernel-2.2/example/datacite-metadata-sample-set3-book-v2.2.xml]" time="0.001"/>
  <testcase classname="org.datacite.schema.test.ValidationTest" name="testExampleValidToMajorSchema[build/meta/kernel-2.2/example/datacite-metadata-sample-set3-book-v2.2.xml]" time="0.01"/>
  <testcase classname="org.datacite.schema.test.ValidationTest" name="testExampleValid[build/meta/kernel-2.2/example/datacite-metadata-sample-set3-book-v2.2.xml]" time="0.009"/>
  <testcase classname="org.datacite.schema.test.ValidationTest" name="testExampleNamespace[build/meta/kernel-2.2/example/datacite-metadata-sample-set3-book-v2.2.xml]" time="0.003"/>
  <testcase classname="org.datacite.schema.test.ValidationTest" name="testExampleSchemaLocation[build/meta/kernel-2.2/example/datacite-metadata-sample-set4-dataset-v2.2.xml]" time="0.002"/>
  <testcase classname="org.datacite.schema.test.ValidationTest" name="testExampleValidToMajorSchema[build/meta/kernel-2.2/example/datacite-metadata-sample-set4-dataset-v2.2.xml]" time="0.012"/>
  <testcase classname="org.datacite.schema.test.ValidationTest" name="testExampleValid[build/meta/kernel-2.2/example/datacite-metadata-sample-set4-dataset-v2.2.xml]" time="0.01"/>
  <testcase classname="org.datacite.schema.test.ValidationTest" name="testExampleNamespace[build/meta/kernel-2.2/example/datacite-metadata-sample-set4-dataset-v2.2.xml]" time="0.001"/>
  <testcase classname="org.datacite.schema.test.ValidationTest" name="testExampleSchemaLocation[build/meta/kernel-2.2/example/datacite-metadata-sample-set5-dataset-v2.2.xml]" time="0.002"/>
  <testcase classname="org.datacite.schema.test.ValidationTest" name="testExampleValidToMajorSchema[build/meta/kernel-2.2/example/datacite-metadata-sample-set5-dataset-v2.2.xml]" time="0.008"/>
  <testcase classname="org.datacite.schema.test.ValidationTest" name="testExampleValid[build/meta/kernel-2.2/example/datacite-metadata-sample-set5-dataset-v2.2.xml]" time="0.011"/>
  <testcase classname="org.datacite.schema.test.ValidationTest" name="testExampleNamespace[build/meta/kernel-2.2/example/datacite-metadata-sample-set5-dataset-v2.2.xml]" time="0.001"/>
  <testcase classname="org.datacite.schema.test.ValidationTest" name="testExampleSchemaLocation[build/meta/kernel-2.2/example/datacite-metadata-sample-v2.2.xml]" time="0.001"/>
  <testcase classname="org.datacite.schema.test.ValidationTest" name="testExampleValidToMajorSchema[build/meta/kernel-2.2/example/datacite-metadata-sample-v2.2.xml]" time="0.008"/>
  <testcase classname="org.datacite.schema.test.ValidationTest" name="testExampleValid[build/meta/kernel-2.2/example/datacite-metadata-sample-v2.2.xml]" time="0.008"/>
  <testcase classname="org.datacite.schema.test.ValidationTest" name="testExampleNamespace[build/meta/kernel-2.2/example/datacite-metadata-sample-v2.2.xml]" time="0.003"/>
  <testcase classname="org.datacite.schema.test.ValidationTest" name="testExampleSchemaLocation[build/meta/kernel-2.2/example/datacite-metadata-sample-video-v2.2.xml]" time="0.002"/>
  <testcase classname="org.datacite.schema.test.ValidationTest" name="testExampleValidToMajorSchema[build/meta/kernel-2.2/example/datacite-metadata-sample-video-v2.2.xml]" time="0.006"/>
  <testcase classname="org.datacite.schema.test.ValidationTest" name="testExampleValid[build/meta/kernel-2.2/example/datacite-metadata-sample-video-v2.2.xml]" time="0.01"/>
  <testcase classname="org.datacite.schema.test.ValidationTest" name="testExampleNamespace[build/meta/kernel-2.2/example/datacite-metadata-sample-video-v2.2.xml]" time="0.001"/>
  <testcase classname="org.datacite.schema.test.ValidationTest" name="testExampleSchemaLocation[build/meta/kernel-3/example/datacite-example-Box_dateCollected_DataCollector-v3.0.xml]" time="0.002"/>
  <testcase classname="org.datacite.schema.test.ValidationTest" name="testExampleValidToMajorSchema[build/meta/kernel-3/example/datacite-example-Box_dateCollected_DataCollector-v3.0.xml]" time="0.206"/>
  <testcase classname="org.datacite.schema.test.ValidationTest" name="testExampleValid[build/meta/kernel-3/example/datacite-example-Box_dateCollected_DataCollector-v3.0.xml]" time="0.175"/>
  <testcase classname="org.datacite.schema.test.ValidationTest" name="testExampleNamespace[build/meta/kernel-3/example/datacite-example-Box_dateCollected_DataCollector-v3.0.xml]" time="0.002"/>
  <testcase classname="org.datacite.schema.test.ValidationTest" name="testExampleSchemaLocation[build/meta/kernel-3/example/datacite-example-complicated-v3.0.xml]" time="0.002"/>
  <testcase classname="org.datacite.schema.test.ValidationTest" name="testExampleValidToMajorSchema[build/meta/kernel-3/example/datacite-example-complicated-v3.0.xml]" time="0.174"/>
  <testcase classname="org.datacite.schema.test.ValidationTest" name="testExampleValid[build/meta/kernel-3/example/datacite-example-complicated-v3.0.xml]" time="0.174"/>
  <testcase classname="org.datacite.schema.test.ValidationTest" name="testExampleNamespace[build/meta/kernel-3/example/datacite-example-complicated-v3.0.xml]" time="0.002"/>
  <testcase classname="org.datacite.schema.test.ValidationTest" name="testExampleSchemaLocation[build/meta/kernel-3/example/datacite-example-dataset-v3.0.xml]" time="0.002"/>
  <testcase classname="org.datacite.schema.test.ValidationTest" name="testExampleValidToMajorSchema[build/meta/kernel-3/example/datacite-example-dataset-v3.0.xml]" time="0.187"/>
  <testcase classname="org.datacite.schema.test.ValidationTest" name="testExampleValid[build/meta/kernel-3/example/datacite-example-dataset-v3.0.xml]" time="0.172"/>
  <testcase classname="org.datacite.schema.test.ValidationTest" name="testExampleNamespace[build/meta/kernel-3/example/datacite-example-dataset-v3.0.xml]" time="0.002"/>
  <testcase classname="org.datacite.schema.test.ValidationTest" name="testExampleSchemaLocation[build/meta/kernel-3/example/datacite-example-full-v3.1.xml]" time="0.001"/>
  <testcase classname="org.datacite.schema.test.ValidationTest" name="testExampleValidToMajorSchema[build/meta/kernel-3/example/datacite-example-full-v3.1.xml]" time="0.174"/>
  <testcase classname="org.datacite.schema.test.ValidationTest" name="testExampleValid[build/meta/kernel-3/example/datacite-example-full-v3.1.xml]" time="0.169"/>
  <testcase classname="org.datacite.schema.test.ValidationTest" name="testExampleNamespace[build/meta/kernel-3/example/datacite-example-full-v3.1.xml]" time="0.001"/>
  <testcase classname="org.datacite.schema.test.ValidationTest" name="testExampleSchemaLocation[build/meta/kernel-3/example/datacite-example-GeoLocation-v3.0.xml]" time="0.003"/>
  <testcase classname="org.datacite.schema.test.ValidationTest" name="testExampleValidToMajorSchema[build/meta/kernel-3/example/datacite-example-GeoLocation-v3.0.xml]" time="0.168"/>
  <testcase classname="org.datacite.schema.test.ValidationTest" name="testExampleValid[build/meta/kernel-3/example/datacite-example-GeoLocation-v3.0.xml]" time="0.168"/>
  <testcase classname="org.datacite.schema.test.ValidationTest" name="testExampleNamespace[build/meta/kernel-3/example/datacite-example-GeoLocation-v3.0.xml]" time="0.008"/>
  <testcase classname="org.datacite.schema.test.ValidationTest" name="testExampleSchemaLocation[build/meta/kernel-3/example/datacite-example-HasMetadata-v3.0.xml]" time="0"/>
  <testcase classname="org.datacite.schema.test.ValidationTest" name="testExampleValidToMajorSchema[build/meta/kernel-3/example/datacite-example-HasMetadata-v3.0.xml]" time="0.18"/>
  <testcase classname="org.datacite.schema.test.ValidationTest" name="testExampleValid[build/meta/kernel-3/example/datacite-example-HasMetadata-v3.0.xml]" time="0.172"/>
  <testcase classname="org.datacite.schema.test.ValidationTest" name="testExampleNamespace[build/meta/kernel-3/example/datacite-example-HasMetadata-v3.0.xml]" time="0.001"/>
  <testcase classname="org.datacite.schema.test.ValidationTest" name="testExampleSchemaLocation[build/meta/kernel-3/example/datacite-example-relationTypeIsIdenticalTo-v3.0.xml]" time="0.001"/>
  <testcase classname="org.datacite.schema.test.ValidationTest" name="testExampleValidToMajorSchema[build/meta/kernel-3/example/datacite-example-relationTypeIsIdenticalTo-v3.0.xml]" time="0.169"/>
  <testcase classname="org.datacite.schema.test.ValidationTest" name="testExampleValid[build/meta/kernel-3/example/datacite-example-relationTypeIsIdenticalTo-v3.0.xml]" time="0.174"/>
  <testcase classname="org.datacite.schema.test.ValidationTest" name="testExampleNamespace[build/meta/kernel-3/example/datacite-example-relationTypeIsIdenticalTo-v3.0.xml]" time="0.001"/>
  <testcase classname="org.datacite.schema.test.ValidationTest" name="testExampleSchemaLocation[build/meta/kernel-3/example/datacite-example-ResearchGroup_Methods-v3.0.xml]" time="0.004"/>
  <testcase classname="org.datacite.schema.test.ValidationTest" name="testExampleValidToMajorSchema[build/meta/kernel-3/example/datacite-example-ResearchGroup_Methods-v3.0.xml]" time="0.167"/>
  <testcase classname="org.datacite.schema.test.ValidationTest" name="testExampleValid[build/meta/kernel-3/example/datacite-example-ResearchGroup_Methods-v3.0.xml]" time="0.188"/>
  <testcase classname="org.datacite.schema.test.ValidationTest" name="testExampleNamespace[build/meta/kernel-3/example/datacite-example-ResearchGroup_Methods-v3.0.xml]" time="0.001"/>
  <testcase classname="org.datacite.schema.test.ValidationTest" name="testExampleSchemaLocation[build/meta/kernel-3/example/datacite-example-ResourceTypeGeneral_Collection-v3.0.xml]" time="0"/>
  <testcase classname="org.datacite.schema.test.ValidationTest" name="testExampleValidToMajorSchema[build/meta/kernel-3/example/datacite-example-ResourceTypeGeneral_Collection-v3.0.xml]" time="0.165"/>
  <testcase classname="org.datacite.schema.test.ValidationTest" name="testExampleValid[build/meta/kernel-3/example/datacite-example-ResourceTypeGeneral_Collection-v3.0.xml]" time="0.177"/>
  <testcase classname="org.datacite.schema.test.ValidationTest" name="testExampleNamespace[build/meta/kernel-3/example/datacite-example-ResourceTypeGeneral_Collection-v3.0.xml]" time="0.001"/>
  <testcase classname="org.datacite.schema.test.ValidationTest" name="testExampleSchemaLocation[build/meta/kernel-3/example/datacite-example-video-v3.0.xml]" time="0.001"/>
  <testcase classname="org.datacite.schema.test.ValidationTest" name="testExampleValidToMajorSchema[build/meta/kernel-3/example/datacite-example-video-v3.0.xml]" time="0.169"/>
  <testcase classname="org.datacite.schema.test.ValidationTest" name="testExampleValid[build/meta/kernel-3/example/datacite-example-video-v3.0.xml]" time="0.169"/>
  <testcase classname="org.datacite.schema.test.ValidationTest" name="testExampleNamespace[build/meta/kernel-3/example/datacite-example-video-v3.0.xml]" time="0.001"/>
  <testcase classname="org.datacite.schema.test.ValidationTest" name="testExampleSchemaLocation[build/meta/kernel-3/example/datacite-example-workflow-v3.0.xml]" time="0.001"/>
  <testcase classname="org.datacite.schema.test.ValidationTest" name="testExampleValidToMajorSchema[build/meta/kernel-3/example/datacite-example-workflow-v3.0.xml]" time="0.196"/>
  <testcase classname="org.datacite.schema.test.ValidationTest" name="testExampleValid[build/meta/kernel-3/example/datacite-example-workflow-v3.0.xml]" time="0.169"/>
  <testcase classname="org.datacite.schema.test.ValidationTest" name="testExampleNamespace[build/meta/kernel-3/example/datacite-example-workflow-v3.0.xml]" time="0.002"/>
  <testcase classname="org.datacite.schema.test.ValidationTest" name="testExampleSchemaLocation[build/meta/kernel-3.0/example/datacite-example-Box_dateCollected_DataCollector-v3.0.xml]" time="0.001"/>
  <testcase classname="org.datacite.schema.test.ValidationTest" name="testExampleValidToMajorSchema[build/meta/kernel-3.0/example/datacite-example-Box_dateCollected_DataCollector-v3.0.xml]" time="0.193"/>
  <testcase classname="org.datacite.schema.test.ValidationTest" name="testExampleValid[build/meta/kernel-3.0/example/datacite-example-Box_dateCollected_DataCollector-v3.0.xml]" time="0.169"/>
  <testcase classname="org.datacite.schema.test.ValidationTest" name="testExampleNamespace[build/meta/kernel-3.0/example/datacite-example-Box_dateCollected_DataCollector-v3.0.xml]" time="0.001"/>
  <testcase classname="org.datacite.schema.test.ValidationTest" name="testExampleSchemaLocation[build/meta/kernel-3.0/example/datacite-example-complicated-v3.0.xml]" time="0"/>
  <testcase classname="org.datacite.schema.test.ValidationTest" name="testExampleValidToMajorSchema[build/meta/kernel-3.0/example/datacite-example-complicated-v3.0.xml]" time="0.259"/>
  <testcase classname="org.datacite.schema.test.ValidationTest" name="testExampleValid[build/meta/kernel-3.0/example/datacite-example-complicated-v3.0.xml]" time="0.2"/>
  <testcase classname="org.datacite.schema.test.ValidationTest" name="testExampleNamespace[build/meta/kernel-3.0/example/datacite-example-complicated-v3.0.xml]" time="0.001"/>
  <testcase classname="org.datacite.schema.test.ValidationTest" name="testExampleSchemaLocation[build/meta/kernel-3.0/example/datacite-example-dataset-v3.0.xml]" time="0.008"/>
  <testcase classname="org.datacite.schema.test.ValidationTest" name="testExampleValidToMajorSchema[build/meta/kernel-3.0/example/datacite-example-dataset-v3.0.xml]" time="0.171"/>
  <testcase classname="org.datacite.schema.test.ValidationTest" name="testExampleValid[build/meta/kernel-3.0/example/datacite-example-dataset-v3.0.xml]" time="0.185"/>
  <testcase classname="org.datacite.schema.test.ValidationTest" name="testExampleNamespace[build/meta/kernel-3.0/example/datacite-example-dataset-v3.0.xml]" time="0"/>
  <testcase classname="org.datacite.schema.test.ValidationTest" name="testExampleSchemaLocation[build/meta/kernel-3.0/example/datacite-example-GeoLocation-v3.0.xml]" time="0.004"/>
  <testcase classname="org.datacite.schema.test.ValidationTest" name="testExampleValidToMajorSchema[build/meta/kernel-3.0/example/datacite-example-GeoLocation-v3.0.xml]" time="0.271"/>
  <testcase classname="org.datacite.schema.test.ValidationTest" name="testExampleValid[build/meta/kernel-3.0/example/datacite-example-GeoLocation-v3.0.xml]" time="0.172"/>
  <testcase classname="org.datacite.schema.test.ValidationTest" name="testExampleNamespace[build/meta/kernel-3.0/example/datacite-example-GeoLocation-v3.0.xml]" time="0"/>
  <testcase classname="org.datacite.schema.test.ValidationTest" name="testExampleSchemaLocation[build/meta/kernel-3.0/example/datacite-example-HasMetadata-v3.0.xml]" time="0"/>
  <testcase classname="org.datacite.schema.test.ValidationTest" name="testExampleValidToMajorSchema[build/meta/kernel-3.0/example/datacite-example-HasMetadata-v3.0.xml]" time="0.175"/>
  <testcase classname="org.datacite.schema.test.ValidationTest" name="testExampleValid[build/meta/kernel-3.0/example/datacite-example-HasMetadata-v3.0.xml]" time="0.17"/>
  <testcase classname="org.datacite.schema.test.ValidationTest" name="testExampleNamespace[build/meta/kernel-3.0/example/datacite-example-HasMetadata-v3.0.xml]" time="0"/>
  <testcase classname="org.datacite.schema.test.ValidationTest" name="testExampleSchemaLocation[build/meta/kernel-3.0/example/datacite-example-ResearchGroup_Methods-v3.0.xml]" time="0.002"/>
  <testcase classname="org.datacite.schema.test.ValidationTest" name="testExampleValidToMajorSchema[build/meta/kernel-3.0/example/datacite-example-ResearchGroup_Methods-v3.0.xml]" time="0.226"/>
  <testcase classname="org.datacite.schema.test.ValidationTest" name="testExampleValid[build/meta/kernel-3.0/example/datacite-example-ResearchGroup_Methods-v3.0.xml]" time="0.172"/>
  <testcase classname="org.datacite.schema.test.ValidationTest" name="testExampleNamespace[build/meta/kernel-3.0/example/datacite-example-ResearchGroup_Methods-v3.0.xml]" time="0.001"/>
  <testcase classname="org.datacite.schema.test.ValidationTest" name="testExampleSchemaLocation[build/meta/kernel-3.0/example/datacite-example-ResourceTypeGeneral_Collection-v3.0.xml]" time="0.001"/>
  <testcase classname="org.datacite.schema.test.ValidationTest" name="testExampleValidToMajorSchema[build/meta/kernel-3.0/example/datacite-example-ResourceTypeGeneral_Collection-v3.0.xml]" time="0.167"/>
  <testcase classname="org.datacite.schema.test.ValidationTest" name="testExampleValid[build/meta/kernel-3.0/example/datacite-example-ResourceTypeGeneral_Collection-v3.0.xml]" time="0.167"/>
  <testcase classname="org.datacite.schema.test.ValidationTest" name="testExampleNamespace[build/meta/kernel-3.0/example/datacite-example-ResourceTypeGeneral_Collection-v3.0.xml]" time="0.001"/>
  <testcase classname="org.datacite.schema.test.ValidationTest" name="testExampleSchemaLocation[build/meta/kernel-3.0/example/datacite-example-video-v3.0.xml]" time="0.001"/>
  <testcase classname="org.datacite.schema.test.ValidationTest" name="testExampleValidToMajorSchema[build/meta/kernel-3.0/example/datacite-example-video-v3.0.xml]" time="0.17"/>
  <testcase classname="org.datacite.schema.test.ValidationTest" name="testExampleValid[build/meta/kernel-3.0/example/datacite-example-video-v3.0.xml]" time="0.17"/>
  <testcase classname="org.datacite.schema.test.ValidationTest" name="testExampleNamespace[build/meta/kernel-3.0/example/datacite-example-video-v3.0.xml]" time="0"/>
  <testcase classname="org.datacite.schema.test.ValidationTest" name="testExampleSchemaLocation[build/meta/kernel-3.0/example/datacite-example-workflow-v3.0.xml]" time="0.001"/>
  <testcase classname="org.datacite.schema.test.ValidationTest" name="testExampleValidToMajorSchema[build/meta/kernel-3.0/example/datacite-example-workflow-v3.0.xml]" time="0.169"/>
  <testcase classname="org.datacite.schema.test.ValidationTest" name="testExampleValid[build/meta/kernel-3.0/example/datacite-example-workflow-v3.0.xml]" time="0.172"/>
  <testcase classname="org.datacite.schema.test.ValidationTest" name="testExampleNamespace[build/meta/kernel-3.0/example/datacite-example-workflow-v3.0.xml]" time="0"/>
  <testcase classname="org.datacite.schema.test.ValidationTest" name="testExampleSchemaLocation[build/meta/kernel-3.1/example/datacite-example-Box_dateCollected_DataCollector-v3.0.xml]" time="0"/>
  <testcase classname="org.datacite.schema.test.ValidationTest" name="testExampleValidToMajorSchema[build/meta/kernel-3.1/example/datacite-example-Box_dateCollected_DataCollector-v3.0.xml]" time="0.188"/>
  <testcase classname="org.datacite.schema.test.ValidationTest" name="testExampleValid[build/meta/kernel-3.1/example/datacite-example-Box_dateCollected_DataCollector-v3.0.xml]" time="0.174"/>
  <testcase classname="org.datacite.schema.test.ValidationTest" name="testExampleNamespace[build/meta/kernel-3.1/example/datacite-example-Box_dateCollected_DataCollector-v3.0.xml]" time="0.002"/>
  <testcase classname="org.datacite.schema.test.ValidationTest" name="testExampleSchemaLocation[build/meta/kernel-3.1/example/datacite-example-complicated-v3.0.xml]" time="0"/>
  <testcase classname="org.datacite.schema.test.ValidationTest" name="testExampleValidToMajorSchema[build/meta/kernel-3.1/example/datacite-example-complicated-v3.0.xml]" time="0.167"/>
  <testcase classname="org.datacite.schema.test.ValidationTest" name="testExampleValid[build/meta/kernel-3.1/example/datacite-example-complicated-v3.0.xml]" time="0.168"/>
  <testcase classname="org.datacite.schema.test.ValidationTest" name="testExampleNamespace[build/meta/kernel-3.1/example/datacite-example-complicated-v3.0.xml]" time="0.001"/>
  <testcase classname="org.datacite.schema.test.ValidationTest" name="testExampleSchemaLocation[build/meta/kernel-3.1/example/datacite-example-dataset-v3.0.xml]" time="0.001"/>
  <testcase classname="org.datacite.schema.test.ValidationTest" name="testExampleValidToMajorSchema[build/meta/kernel-3.1/example/datacite-example-dataset-v3.0.xml]" time="0.169"/>
  <testcase classname="org.datacite.schema.test.ValidationTest" name="testExampleValid[build/meta/kernel-3.1/example/datacite-example-dataset-v3.0.xml]" time="0.167"/>
  <testcase classname="org.datacite.schema.test.ValidationTest" name="testExampleNamespace[build/meta/kernel-3.1/example/datacite-example-dataset-v3.0.xml]" time="0.001"/>
  <testcase classname="org.datacite.schema.test.ValidationTest" name="testExampleSchemaLocation[build/meta/kernel-3.1/example/datacite-example-full-v3.1.xml]" time="0.001"/>
  <testcase classname="org.datacite.schema.test.ValidationTest" name="testExampleValidToMajorSchema[build/meta/kernel-3.1/example/datacite-example-full-v3.1.xml]" time="0.198"/>
  <testcase classname="org.datacite.schema.test.ValidationTest" name="testExampleValid[build/meta/kernel-3.1/example/datacite-example-full-v3.1.xml]" time="0.166"/>
  <testcase classname="org.datacite.schema.test.ValidationTest" name="testExampleNamespace[build/meta/kernel-3.1/example/datacite-example-full-v3.1.xml]" time="0.004"/>
  <testcase classname="org.datacite.schema.test.ValidationTest" name="testExampleSchemaLocation[build/meta/kernel-3.1/example/datacite-example-GeoLocation-v3.0.xml]" time="0"/>
  <testcase classname="org.datacite.schema.test.ValidationTest" name="testExampleValidToMajorSchema[build/meta/kernel-3.1/example/datacite-example-GeoLocation-v3.0.xml]" time="0.17"/>
  <testcase classname="org.datacite.schema.test.ValidationTest" name="testExampleValid[build/meta/kernel-3.1/example/datacite-example-GeoLocation-v3.0.xml]" time="0.188"/>
  <testcase classname="org.datacite.schema.test.ValidationTest" name="testExampleNamespace[build/meta/kernel-3.1/example/datacite-example-GeoLocation-v3.0.xml]" time="0.001"/>
  <testcase classname="org.datacite.schema.test.ValidationTest" name="testExampleSchemaLocation[build/meta/kernel-3.1/example/datacite-example-HasMetadata-v3.0.xml]" time="0.001"/>
  <testcase classname="org.datacite.schema.test.ValidationTest" name="testExampleValidToMajorSchema[build/meta/kernel-3.1/example/datacite-example-HasMetadata-v3.0.xml]" time="0.167"/>
  <testcase classname="org.datacite.schema.test.ValidationTest" name="testExampleValid[build/meta/kernel-3.1/example/datacite-example-HasMetadata-v3.0.xml]" time="0.169"/>
  <testcase classname="org.datacite.schema.test.ValidationTest" name="testExampleNamespace[build/meta/kernel-3.1/example/datacite-example-HasMetadata-v3.0.xml]" time="0.001"/>
  <testcase classname="org.datacite.schema.test.ValidationTest" name="testExampleSchemaLocation[build/meta/kernel-3.1/example/datacite-example-relationTypeIsIdenticalTo-v3.0.xml]" time="0.001"/>
  <testcase classname="org.datacite.schema.test.ValidationTest" name="testExampleValidToMajorSchema[build/meta/kernel-3.1/example/datacite-example-relationTypeIsIdenticalTo-v3.0.xml]" time="0.195"/>
  <testcase classname="org.datacite.schema.test.ValidationTest" name="testExampleValid[build/meta/kernel-3.1/example/datacite-example-relationTypeIsIdenticalTo-v3.0.xml]" time="0.168"/>
  <testcase classname="org.datacite.schema.test.ValidationTest" name="testExampleNamespace[build/meta/kernel-3.1/example/datacite-example-relationTypeIsIdenticalTo-v3.0.xml]" time="0.001"/>
  <testcase classname="org.datacite.schema.test.ValidationTest" name="testExampleSchemaLocation[build/meta/kernel-3.1/example/datacite-example-ResearchGroup_Methods-v3.0.xml]" time="0"/>
  <testcase classname="org.datacite.schema.test.ValidationTest" name="testExampleValidToMajorSchema[build/meta/kernel-3.1/example/datacite-example-ResearchGroup_Methods-v3.0.xml]" time="0.168"/>
  <testcase classname="org.datacite.schema.test.ValidationTest" name="testExampleValid[build/meta/kernel-3.1/example/datacite-example-ResearchGroup_Methods-v3.0.xml]" time="0.195"/>
  <testcase classname="org.datacite.schema.test.ValidationTest" name="testExampleNamespace[build/meta/kernel-3.1/example/datacite-example-ResearchGroup_Methods-v3.0.xml]" time="0"/>
  <testcase classname="org.datacite.schema.test.ValidationTest" name="testExampleSchemaLocation[build/meta/kernel-3.1/example/datacite-example-ResourceTypeGeneral_Collection-v3.0.xml]" time="0.001"/>
  <testcase classname="org.datacite.schema.test.ValidationTest" name="testExampleValidToMajorSchema[build/meta/kernel-3.1/example/datacite-example-ResourceTypeGeneral_Collection-v3.0.xml]" time="0.171"/>
  <testcase classname="org.datacite.schema.test.ValidationTest" name="testExampleValid[build/meta/kernel-3.1/example/datacite-example-ResourceTypeGeneral_Collection-v3.0.xml]" time="0.168"/>
  <testcase classname="org.datacite.schema.test.ValidationTest" name="testExampleNamespace[build/meta/kernel-3.1/example/datacite-example-ResourceTypeGeneral_Collection-v3.0.xml]" time="0.001"/>
  <testcase classname="org.datacite.schema.test.ValidationTest" name="testExampleSchemaLocation[build/meta/kernel-3.1/example/datacite-example-video-v3.0.xml]" time="0.001"/>
  <testcase classname="org.datacite.schema.test.ValidationTest" name="testExampleValidToMajorSchema[build/meta/kernel-3.1/example/datacite-example-video-v3.0.xml]" time="0.168"/>
  <testcase classname="org.datacite.schema.test.ValidationTest" name="testExampleValid[build/meta/kernel-3.1/example/datacite-example-video-v3.0.xml]" time="0.166"/>
  <testcase classname="org.datacite.schema.test.ValidationTest" name="testExampleNamespace[build/meta/kernel-3.1/example/datacite-example-video-v3.0.xml]" time="0.001"/>
  <testcase classname="org.datacite.schema.test.ValidationTest" name="testExampleSchemaLocation[build/meta/kernel-3.1/example/datacite-example-workflow-v3.0.xml]" time="0.001"/>
  <testcase classname="org.datacite.schema.test.ValidationTest" name="testExampleValidToMajorSchema[build/meta/kernel-3.1/example/datacite-example-workflow-v3.0.xml]" time="0.187"/>
  <testcase classname="org.datacite.schema.test.ValidationTest" name="testExampleValid[build/meta/kernel-3.1/example/datacite-example-workflow-v3.0.xml]" time="0.166"/>
  <testcase classname="org.datacite.schema.test.ValidationTest" name="testExampleNamespace[build/meta/kernel-3.1/example/datacite-example-workflow-v3.0.xml]" time="0.001"/>
  <testcase classname="org.datacite.schema.test.ValidationTest" name="testExampleSchemaLocation[build/meta/kernel-4/example/datacite-example-Box_dateCollected_DataCollector-v4.0.xml]" time="0.001"/>
  <testcase classname="org.datacite.schema.test.ValidationTest" name="testExampleValidToMajorSchema[build/meta/kernel-4/example/datacite-example-Box_dateCollected_DataCollector-v4.0.xml]" time="0.171"/>
  <testcase classname="org.datacite.schema.test.ValidationTest" name="testExampleValid[build/meta/kernel-4/example/datacite-example-Box_dateCollected_DataCollector-v4.0.xml]" time="0.176"/>
  <testcase classname="org.datacite.schema.test.ValidationTest" name="testExampleNamespace[build/meta/kernel-4/example/datacite-example-Box_dateCollected_DataCollector-v4.0.xml]" time="0.001"/>
  <testcase classname="org.datacite.schema.test.ValidationTest" name="testExampleSchemaLocation[build/meta/kernel-4/example/datacite-example-complicated-v4.0.xml]" time="0.002"/>
  <testcase classname="org.datacite.schema.test.ValidationTest" name="testExampleValidToMajorSchema[build/meta/kernel-4/example/datacite-example-complicated-v4.0.xml]" time="0.184"/>
  <testcase classname="org.datacite.schema.test.ValidationTest" name="testExampleValid[build/meta/kernel-4/example/datacite-example-complicated-v4.0.xml]" time="0.169"/>
  <testcase classname="org.datacite.schema.test.ValidationTest" name="testExampleNamespace[build/meta/kernel-4/example/datacite-example-complicated-v4.0.xml]" time="0.001"/>
  <testcase classname="org.datacite.schema.test.ValidationTest" name="testExampleSchemaLocation[build/meta/kernel-4/example/datacite-example-dataset-v4.0.xml]" time="0.001"/>
  <testcase classname="org.datacite.schema.test.ValidationTest" name="testExampleValidToMajorSchema[build/meta/kernel-4/example/datacite-example-dataset-v4.0.xml]" time="0.183"/>
  <testcase classname="org.datacite.schema.test.ValidationTest" name="testExampleValid[build/meta/kernel-4/example/datacite-example-dataset-v4.0.xml]" time="0.167"/>
  <testcase classname="org.datacite.schema.test.ValidationTest" name="testExampleNamespace[build/meta/kernel-4/example/datacite-example-dataset-v4.0.xml]" time="0.001"/>
  <testcase classname="org.datacite.schema.test.ValidationTest" name="testExampleSchemaLocation[build/meta/kernel-4/example/datacite-example-full-v4.0.xml]" time="0.001"/>
  <testcase classname="org.datacite.schema.test.ValidationTest" name="testExampleValidToMajorSchema[build/meta/kernel-4/example/datacite-example-full-v4.0.xml]" time="0.173"/>
  <testcase classname="org.datacite.schema.test.ValidationTest" name="testExampleValid[build/meta/kernel-4/example/datacite-example-full-v4.0.xml]" time="0.171"/>
  <testcase classname="org.datacite.schema.test.ValidationTest" name="testExampleNamespace[build/meta/kernel-4/example/datacite-example-full-v4.0.xml]" time="0.001"/>
  <testcase classname="org.datacite.schema.test.ValidationTest" name="testExampleSchemaLocation[build/meta/kernel-4/example/datacite-example-fundingReference-v.4.0.xml]" time="0.001"/>
  <testcase classname="org.datacite.schema.test.ValidationTest" name="testExampleValidToMajorSchema[build/meta/kernel-4/example/datacite-example-fundingReference-v.4.0.xml]" time="0.171"/>
  <testcase classname="org.datacite.schema.test.ValidationTest" name="testExampleValid[build/meta/kernel-4/example/datacite-example-fundingReference-v.4.0.xml]" time="0.174"/>
  <testcase classname="org.datacite.schema.test.ValidationTest" name="testExampleNamespace[build/meta/kernel-4/example/datacite-example-fundingReference-v.4.0.xml]" time="0"/>
  <testcase classname="org.datacite.schema.test.ValidationTest" name="testExampleSchemaLocation[build/meta/kernel-4/example/datacite-example-GeoLocation-v4.0.xml]" time="0"/>
  <testcase classname="org.datacite.schema.test.ValidationTest" name="testExampleValidToMajorSchema[build/meta/kernel-4/example/datacite-example-GeoLocation-v4.0.xml]" time="0.167"/>
  <testcase classname="org.datacite.schema.test.ValidationTest" name="testExampleValid[build/meta/kernel-4/example/datacite-example-GeoLocation-v4.0.xml]" time="0.17"/>
  <testcase classname="org.datacite.schema.test.ValidationTest" name="testExampleNamespace[build/meta/kernel-4/example/datacite-example-GeoLocation-v4.0.xml]" time="0.001"/>
  <testcase classname="org.datacite.schema.test.ValidationTest" name="testExampleSchemaLocation[build/meta/kernel-4/example/datacite-example-HasMetadata-v4.0.xml]" time="0.001"/>
  <testcase classname="org.datacite.schema.test.ValidationTest" name="testExampleValidToMajorSchema[build/meta/kernel-4/example/datacite-example-HasMetadata-v4.0.xml]" time="0.173"/>
  <testcase classname="org.datacite.schema.test.ValidationTest" name="testExampleValid[build/meta/kernel-4/example/datacite-example-HasMetadata-v4.0.xml]" time="0.169"/>
  <testcase classname="org.datacite.schema.test.ValidationTest" name="testExampleNamespace[build/meta/kernel-4/example/datacite-example-HasMetadata-v4.0.xml]" time="0.001"/>
  <testcase classname="org.datacite.schema.test.ValidationTest" name="testExampleSchemaLocation[build/meta/kernel-4/example/datacite-example-relationTypeIsIdenticalTo-v4.0.xml]" time="0.001"/>
  <testcase classname="org.datacite.schema.test.ValidationTest" name="testExampleValidToMajorSchema[build/meta/kernel-4/example/datacite-example-relationTypeIsIdenticalTo-v4.0.xml]" time="0.166"/>
  <testcase classname="org.datacite.schema.test.ValidationTest" name="testExampleValid[build/meta/kernel-4/example/datacite-example-relationTypeIsIdenticalTo-v4.0.xml]" time="0.189"/>
  <testcase classname="org.datacite.schema.test.ValidationTest" name="testExampleNamespace[build/meta/kernel-4/example/datacite-example-relationTypeIsIdenticalTo-v4.0.xml]" time="0"/>
  <testcase classname="org.datacite.schema.test.ValidationTest" name="testExampleSchemaLocation[build/meta/kernel-4/example/datacite-example-ResearchGroup_Methods-v4.0.xml]" time="0"/>
  <testcase classname="org.datacite.schema.test.ValidationTest" name="testExampleValidToMajorSchema[build/meta/kernel-4/example/datacite-example-ResearchGroup_Methods-v4.0.xml]" time="0.17"/>
  <testcase classname="org.datacite.schema.test.ValidationTest" name="testExampleValid[build/meta/kernel-4/example/datacite-example-ResearchGroup_Methods-v4.0.xml]" time="0.168"/>
  <testcase classname="org.datacite.schema.test.ValidationTest" name="testExampleNamespace[build/meta/kernel-4/example/datacite-example-ResearchGroup_Methods-v4.0.xml]" time="0.001"/>
  <testcase classname="org.datacite.schema.test.ValidationTest" name="testExampleSchemaLocation[build/meta/kernel-4/example/datacite-example-ResourceTypeGeneral_Collection-v4.0.xml]" time="0.001"/>
  <testcase classname="org.datacite.schema.test.ValidationTest" name="testExampleValidToMajorSchema[build/meta/kernel-4/example/datacite-example-ResourceTypeGeneral_Collection-v4.0.xml]" time="0.168"/>
  <testcase classname="org.datacite.schema.test.ValidationTest" name="testExampleValid[build/meta/kernel-4/example/datacite-example-ResourceTypeGeneral_Collection-v4.0.xml]" time="0.169"/>
  <testcase classname="org.datacite.schema.test.ValidationTest" name="testExampleNamespace[build/meta/kernel-4/example/datacite-example-ResourceTypeGeneral_Collection-v4.0.xml]" time="0.001"/>
  <testcase classname="org.datacite.schema.test.ValidationTest" name="testExampleSchemaLocation[build/meta/kernel-4/example/datacite-example-video-v4.0.xml]" time="0"/>
  <testcase classname="org.datacite.schema.test.ValidationTest" name="testExampleValidToMajorSchema[build/meta/kernel-4/example/datacite-example-video-v4.0.xml]" time="0.166"/>
  <testcase classname="org.datacite.schema.test.ValidationTest" name="testExampleValid[build/meta/kernel-4/example/datacite-example-video-v4.0.xml]" time="0.171"/>
  <testcase classname="org.datacite.schema.test.ValidationTest" name="testExampleNamespace[build/meta/kernel-4/example/datacite-example-video-v4.0.xml]" time="0.001"/>
  <testcase classname="org.datacite.schema.test.ValidationTest" name="testExampleSchemaLocation[build/meta/kernel-4/example/datacite-example-workflow-v4.0.xml]" time="0"/>
  <testcase classname="org.datacite.schema.test.ValidationTest" name="testExampleValidToMajorSchema[build/meta/kernel-4/example/datacite-example-workflow-v4.0.xml]" time="0.167"/>
  <testcase classname="org.datacite.schema.test.ValidationTest" name="testExampleValid[build/meta/kernel-4/example/datacite-example-workflow-v4.0.xml]" time="0.168"/>
  <testcase classname="org.datacite.schema.test.ValidationTest" name="testExampleNamespace[build/meta/kernel-4/example/datacite-example-workflow-v4.0.xml]" time="0"/>
</testsuite>